<?xml version="1.0" encoding="UTF-8"?>
<!-- Generated by org.testng.reporters.JUnitXMLReporter -->
<testsuite ignored="9" hostname="DESKTOP-GJG769N" failures="0" tests="1" name="Default test" time="80.682" errors="0" timestamp="2024-04-29T11:28:19 IST">
  <testcase classname="JB_Tests.LoginTest" name="login_Hello_Already_To_JB_Welcome_Negative" time="78.747"/>
  <testcase classname="JB_Tests.LoginTest" name="login_Hello_Already_To_JB_Welcome" time="0.0">
    <ignored/>
  </testcase> <!-- login_Hello_Already_To_JB_Welcome -->
  <testcase classname="JB_Tests.LoginTest" name="login_Hello_Already_To_JB" time="0.0">
    <ignored/>
  </testcase> <!-- login_Hello_Already_To_JB -->
  <testcase classname="JB_Tests.LoginTest" name="login_Hello_New_To_JB_SubScription" time="0.0">
    <ignored/>
  </testcase> <!-- login_Hello_New_To_JB_SubScription -->
  <testcase classname="JB_Tests.LoginTest" name="login_Hello_New_To_JB_Org_Details" time="0.0">
    <ignored/>
  </testcase> <!-- login_Hello_New_To_JB_Org_Details -->
  <testcase classname="JB_Tests.LoginTest" name="login_Hello_New_To_JB" time="0.0">
    <ignored/>
  </testcase> <!-- login_Hello_New_To_JB -->
  <testcase classname="JB_Tests.LoginTest" name="login_Hello_New_To_JB_Retail" time="0.0">
    <ignored/>
  </testcase> <!-- login_Hello_New_To_JB_Retail -->
  <testcase classname="JB_Tests.LoginTest" name="login_Hello_New_To_JB_Business" time="0.0">
    <ignored/>
  </testcase> <!-- login_Hello_New_To_JB_Business -->
  <testcase classname="JB_Tests.LoginTest" name="login_Hello_Already_To_JB_MySub" time="0.0">
    <ignored/>
  </testcase> <!-- login_Hello_Already_To_JB_MySub -->
  <testcase classname="JB_Tests.LoginTest" name="login_Hello_Already_To_JB_SignIN" time="0.0">
    <ignored/>
  </testcase> <!-- login_Hello_Already_To_JB_SignIN -->
</testsuite> <!-- Default test -->
