<?xml version="1.0" encoding="UTF-8"?>
<!-- Generated by org.testng.reporters.JUnitXMLReporter -->
<testsuite ignored="0" hostname="DESKTOP-GJG769N" failures="0" tests="9" name="Test" time="624.435" errors="0" timestamp="2024-04-24T16:51:28 IST">
  <testcase classname="JB_Tests.LoginTest" name="login_Hello_New_To_JB" time="37.77"/>
  <testcase classname="JB_Tests.LoginTest" name="login_Hello_New_To_JB_Business" time="32.29"/>
  <testcase classname="JB_Tests.LoginTest" name="login_Hello_New_To_JB_Retail" time="51.367"/>
  <testcase classname="JB_Tests.LoginTest" name="login_Hello_New_To_JB_SubScription" time="63.004"/>
  <testcase classname="JB_Tests.LoginTest" name="login_Hello_New_To_JB_Org_Details" time="187.276"/>
  <testcase classname="JB_Tests.LoginTest" name="login_Hello_Already_To_JB" time="27.111"/>
  <testcase classname="JB_Tests.LoginTest" name="login_Hello_Already_To_JB_Welcome" time="53.694"/>
  <testcase classname="JB_Tests.LoginTest" name="login_Hello_Already_To_JB_SignIN" time="67.644"/>
  <testcase classname="JB_Tests.LoginTest" name="login_Hello_Already_To_JB_MySub" time="88.556"/>
</testsuite> <!-- Test -->
