<?xml version="1.0" encoding="UTF-8"?>
<testng-results ignored="0" total="1" passed="1" failed="0" skipped="0">
  <reporter-output>
  </reporter-output>
  <suite started-at="2024-05-07T13:32:58 IST" name="Default suite" finished-at="2024-05-07T13:33:28 IST" duration-ms="30054">
    <groups>
      <group name="JB_Login">
        <method signature="LoginTest.login_Hello_New_To_JB()[pri:0, instance:JB_Tests.LoginTest@158a8276]" name="login_Hello_New_To_JB" class="JB_Tests.LoginTest"/>
      </group> <!-- JB_Login -->
      <group name="Smoke">
        <method signature="LoginTest.login_Hello_New_To_JB()[pri:0, instance:JB_Tests.LoginTest@158a8276]" name="login_Hello_New_To_JB" class="JB_Tests.LoginTest"/>
      </group> <!-- Smoke -->
    </groups>
    <test started-at="2024-05-07T13:32:58 IST" name="Default test" finished-at="2024-05-07T13:33:28 IST" duration-ms="30054">
      <class name="JB_Tests.LoginTest">
        <test-method signature="login_Hello_New_To_JB()[pri:0, instance:JB_Tests.LoginTest@158a8276]" started-at="2024-05-07T13:32:58 IST" name="login_Hello_New_To_JB" description="[TC_01 Verify ***login_Hello_New_To_JB*** successfully" finished-at="2024-05-07T13:33:26 IST" duration-ms="28013" status="PASS">
          <reporter-output>
          </reporter-output>
        </test-method> <!-- login_Hello_New_To_JB -->
      </class> <!-- JB_Tests.LoginTest -->
    </test> <!-- Default test -->
  </suite> <!-- Default suite -->
</testng-results>
